Output path: preds/T0.0_N1
Model to eval: WizardLM/WizardCoder-Python-7B-V1.0
Running process # 0 from 0 to 500 on GPU 0
{'N': 1,
 'decoding_style': 'greedy',
 'end_index': 500,
 'max_len': 2048,
 'mbpp_path': '../data/mbpp.test.zip',
 'model': 'WizardLM/WizardCoder-Python-7B-V1.0',
 'num_seqs_per_iter': 1,
 'output_path': 'preds/T0.0_N1',
 'overwrite': False,
 'start_index': 0,
 'temperature': 0.0}
Traceback (most recent call last):
  File "/scratch/bc3194/wizard/WizardCoder/src/mbpp_gen.py", line 197, in <module>
    main()
  File "/scratch/bc3194/wizard/WizardCoder/src/mbpp_gen.py", line 111, in main
    problems = read_mbpp(args.mbpp_path)
  File "/scratch/bc3194/wizard/WizardCoder/src/mbpp_gen.py", line 26, in read_mbpp
    for obj in fin:
  File "/home/bc3194/conda-envs/wizard/lib/python3.10/site-packages/jsonlines/jsonlines.py", line 434, in iter
    yield self.read(
  File "/home/bc3194/conda-envs/wizard/lib/python3.10/site-packages/jsonlines/jsonlines.py", line 307, in read
    lineno, line = next(self._line_iter)
  File "/home/bc3194/conda-envs/wizard/lib/python3.10/codecs.py", line 322, in decode
    (result, consumed) = self._buffer_decode(data, self.errors, final)
  File "/home/bc3194/conda-envs/wizard/lib/python3.10/encodings/utf_8_sig.py", line 69, in _buffer_decode
    return codecs.utf_8_decode(input, errors, final)
UnicodeDecodeError: 'utf-8' codec can't decode byte 0xbc in position 14: invalid start byte
